# JRE version: Java(TM) SE Runtime Environment (12.0.1+12) (build 12.0.1+12)
# Java VM: Java HotSpot(TM) 64-Bit Server VM (12.0.1+12, mixed mode, sharing, tiered, compressed oops, g1 gc, windows-amd64)
Heap:
 garbage-first heap   total 262144K, used 93516K [0x0000000701e00000, 0x0000000800000000)
  region size 1024K, 91 young (93184K), 0 survivors (0K)
 Metaspace       used 2403K, capacity 4697K, committed 4864K, reserved 1056768K
  class space    used 221K, capacity 416K, committed 512K, reserved 1048576K
GC Heap History (10 events):
Event: 28.674 GC heap before
{Heap before GC invocations=116 (full 0):
 garbage-first heap   total 262144K, used 158028K [0x0000000701e00000, 0x0000000800000000)
  region size 1024K, 153 young (156672K), 0 survivors (0K)
 Metaspace       used 2332K, capacity 4631K, committed 4864K, reserved 1056768K
  class space    used 219K, capacity 414K, committed 512K, reserved 1048576K
}
Event: 28.675 GC heap after
{Heap after GC invocations=117 (full 0):
 garbage-first heap   total 262144K, used 1356K [0x0000000701e00000, 0x0000000800000000)
  region size 1024K, 0 young (0K), 0 survivors (0K)
 Metaspace       used 2332K, capacity 4631K, committed 4864K, reserved 1056768K
  class space    used 219K, capacity 414K, committed 512K, reserved 1048576K
}
Event: 28.859 GC heap before
{Heap before GC invocations=117 (full 0):
 garbage-first heap   total 262144K, used 158028K [0x0000000701e00000, 0x0000000800000000)
  region size 1024K, 153 young (156672K), 0 survivors (0K)
 Metaspace       used 2332K, capacity 4631K, committed 4864K, reserved 1056768K
  class space    used 219K, capacity 414K, committed 512K, reserved 1048576K
}
Event: 28.859 GC heap after
{Heap after GC invocations=118 (full 0):
 garbage-first heap   total 262144K, used 1356K [0x0000000701e00000, 0x0000000800000000)
  region size 1024K, 0 young (0K), 0 survivors (0K)
 Metaspace       used 2332K, capacity 4631K, committed 4864K, reserved 1056768K
  class space    used 219K, capacity 414K, committed 512K, reserved 1048576K
}
Event: 29.057 GC heap before
{Heap before GC invocations=118 (full 0):
 garbage-first heap   total 262144K, used 158028K [0x0000000701e00000, 0x0000000800000000)
  region size 1024K, 153 young (156672K), 0 survivors (0K)
 Metaspace       used 2332K, capacity 4631K, committed 4864K, reserved 1056768K
  class space    used 219K, capacity 414K, committed 512K, reserved 1048576K
}
Event: 29.058 GC heap after
{Heap after GC invocations=119 (full 0):
 garbage-first heap   total 262144K, used 1356K [0x0000000701e00000, 0x0000000800000000)
  region size 1024K, 0 young (0K), 0 survivors (0K)
 Metaspace       used 2332K, capacity 4631K, committed 4864K, reserved 1056768K
  class space    used 219K, capacity 414K, committed 512K, reserved 1048576K
}
Event: 29.240 GC heap before
{Heap before GC invocations=119 (full 0):
 garbage-first heap   total 262144K, used 158028K [0x0000000701e00000, 0x0000000800000000)
  region size 1024K, 153 young (156672K), 0 survivors (0K)
 Metaspace       used 2332K, capacity 4631K, committed 4864K, reserved 1056768K
  class space    used 219K, capacity 414K, committed 512K, reserved 1048576K
}
Event: 29.241 GC heap after
{Heap after GC invocations=120 (full 0):
 garbage-first heap   total 262144K, used 1356K [0x0000000701e00000, 0x0000000800000000)
  region size 1024K, 0 young (0K), 0 survivors (0K)
 Metaspace       used 2332K, capacity 4631K, committed 4864K, reserved 1056768K
  class space    used 219K, capacity 414K, committed 512K, reserved 1048576K
}
Event: 29.426 GC heap before
{Heap before GC invocations=120 (full 0):
 garbage-first heap   total 262144K, used 158028K [0x0000000701e00000, 0x0000000800000000)
  region size 1024K, 153 young (156672K), 0 survivors (0K)
 Metaspace       used 2332K, capacity 4631K, committed 4864K, reserved 1056768K
  class space    used 219K, capacity 414K, committed 512K, reserved 1048576K
}
Event: 29.426 GC heap after
{Heap after GC invocations=121 (full 0):
 garbage-first heap   total 262144K, used 1356K [0x0000000701e00000, 0x0000000800000000)
  region size 1024K, 0 young (0K), 0 survivors (0K)
 Metaspace       used 2332K, capacity 4631K, committed 4864K, reserved 1056768K
  class space    used 219K, capacity 414K, committed 512K, reserved 1048576K
}

